LOAD #32;
STORE 2;
LOAD #0;
STORE 32; CODE ALGO

LOAD #0; CODE DECLA
STORE 7;

LOAD #0; CODE DECLA
STORE 8;

LOAD #2; CODE NB 

STORE 7; CODE AFFECT

LOAD #0; CODE NB 

STORE 8; CODE AFFECT

LOAD #2; CODE NB 

INC 2;
STORE @2 ;CODE OP

LOAD 7; CODE ID

SUB @2; CODE DE =
STORE @2;
INC 2; SOUSTRACTION EFFECTUÉ noeud[0] - noeud[1] = 0 ?

JUMZ 22;
LOAD #0;
JUMP 23;
LOAD #1;
JUMZ 35; EXP = 0 ?
LOAD #1; CODE NB 

INC 2;
STORE @2 ; CODE OP

LOAD 7; CODE ID

ADD @2;
STORE 1;
LOAD #0;
STORE @2;
LOAD 1; CALCUL ADDITION

STORE 7; CODE AFFECT

JUMP 12;

LOAD #3; CODE NB 

INC 2;
STORE @2 ;CODE OP

LOAD 7; CODE ID

SUB @2; CODE DE =
STORE @2;
INC 2; SOUSTRACTION EFFECTUÉ noeud[0] - noeud[1] = 0 ?

JUMZ 44;
LOAD #0;
JUMP 45;
LOAD #1;
JUMZ 57; EXP = 0 ?
LOAD #1; CODE NB 

INC 2;
STORE @2 ; CODE OP

LOAD 8; CODE ID

ADD @2;
STORE 1;
LOAD #0;
STORE @2;
LOAD 1; CALCUL ADDITION

STORE 8; CODE AFFECT

LOAD #1; CODE NB 

INC 2;
STORE @2 ;CODE OP

LOAD 8; CODE ID

SUB @2; CODE DE =
STORE @2;
INC 2; SOUSTRACTION EFFECTUÉ noeud[0] - noeud[1] < 0 ?

JUML 66;
LOAD #0;
JUMP 67;
LOAD #1;
JUMZ 79; EXP = 0 ?
LOAD #1; CODE NB 

INC 2;
STORE @2 ; CODE OP

LOAD 8; CODE ID

ADD @2;
STORE 1;
LOAD #0;
STORE @2;
LOAD 1; CALCUL ADDITION

STORE 8; CODE AFFECT

JUMP 56;

LOAD 7;
STORE 7;CODE RENVOYER

STOP;
